platforms/android/app/build/outputs/logs/manifest-merger-debug-report.txt
-- Merging decision tree log ---
manifest
ADDED from src/main/AndroidManifest.xml:2:1-43:12
INJECTED from src/main/AndroidManifest.xml:2:1-43:12
INJECTED from src/main/AndroidManifest.xml:2:1-43:12
INJECTED from src/main/AndroidManifest.xml:2:1-43:12
MERGED from [:CordovaLib] AndroidManifest.xml:20:1-27:12
INJECTED from src/main/AndroidManifest.xml:2:1-43:12
INJECTED from src/main/AndroidManifest.xml:2:1-43:12
INJECTED from src/main/AndroidManifest.xml:2:1-43:12
	package
		ADDED from src/main/AndroidManifest.xml:2:102-133
		INJECTED from src/main/AndroidManifest.xml
		INJECTED from src/main/AndroidManifest.xml
	android:versionName
		ADDED from src/main/AndroidManifest.xml:2:74-101
		INJECTED from src/main/AndroidManifest.xml
		INJECTED from src/main/AndroidManifest.xml
	android:hardwareAccelerated
		ADDED from src/main/AndroidManifest.xml:2:11-45
	xmlns:android
		ADDED from src/main/AndroidManifest.xml:2:134-192
	android:versionCode
		ADDED from src/main/AndroidManifest.xml:2:46-73
		INJECTED from src/main/AndroidManifest.xml
		INJECTED from src/main/AndroidManifest.xml
supports-screens
ADDED from src/main/AndroidManifest.xml:3:5-191
	android:largeScreens
		ADDED from src/main/AndroidManifest.xml:3:49-76
	android:smallScreens
		ADDED from src/main/AndroidManifest.xml:3:132-159
	android:normalScreens
		ADDED from src/main/AndroidManifest.xml:3:77-105
	android:xlargeScreens
		ADDED from src/main/AndroidManifest.xml:3:160-188
	android:resizeable
		ADDED from src/main/AndroidManifest.xml:3:106-131
	android:anyDensity
		ADDED from src/main/AndroidManifest.xml:3:23-48
uses-permission#android.permission.INTERNET
ADDED from src/main/AndroidManifest.xml:4:5-67
	android:name
		ADDED from src/main/AndroidManifest.xml:4:22-64
application
ADDED from src/main/AndroidManifest.xml:5:5-30:19
	android:supportsRtl
		ADDED from src/main/AndroidManifest.xml:5:114-140
	android:label
		ADDED from src/main/AndroidManifest.xml:5:81-113
	android:hardwareAccelerated
		ADDED from src/main/AndroidManifest.xml:5:18-52
	android:icon
		ADDED from src/main/AndroidManifest.xml:5:53-80
activity#com.metrodata.datamap.MainActivity
ADDED from src/main/AndroidManifest.xml:6:9-11:20
	android:label
		ADDED from src/main/AndroidManifest.xml:6:97-134
	android:launchMode
		ADDED from src/main/AndroidManifest.xml:6:135-165
	android:windowSoftInputMode
		ADDED from src/main/AndroidManifest.xml:6:230-272
	android:configChanges
		ADDED from src/main/AndroidManifest.xml:6:19-96
	android:theme
		ADDED from src/main/AndroidManifest.xml:6:194-229
	android:name
		ADDED from src/main/AndroidManifest.xml:6:166-193
intent-filter#android.intent.action.MAIN+android.intent.category.LAUNCHER
ADDED from src/main/AndroidManifest.xml:7:13-10:29
	android:label
		ADDED from src/main/AndroidManifest.xml:7:28-65
action#android.intent.action.MAIN
ADDED from src/main/AndroidManifest.xml:8:17-69
	android:name
		ADDED from src/main/AndroidManifest.xml:8:25-66
category#android.intent.category.LAUNCHER
ADDED from src/main/AndroidManifest.xml:9:17-77
	android:name
		ADDED from src/main/AndroidManifest.xml:9:27-74
service#com.amap.api.location.APSService
ADDED from src/main/AndroidManifest.xml:12:9-68
	android:name
		ADDED from src/main/AndroidManifest.xml:12:18-65
meta-data#com.amap.api.v2.apikey
ADDED from src/main/AndroidManifest.xml:13:9-109
	android:value
		ADDED from src/main/AndroidManifest.xml:13:58-106
	android:name
		ADDED from src/main/AndroidManifest.xml:13:20-57
activity#com.yxt.cordova.MapActivity
ADDED from src/main/AndroidManifest.xml:14:9-85
	android:label
		ADDED from src/main/AndroidManifest.xml:14:19-39
	android:name
		ADDED from src/main/AndroidManifest.xml:14:40-82
activity#com.yxt.cordova.TraceActivity
ADDED from src/main/AndroidManifest.xml:15:9-87
	android:label
		ADDED from src/main/AndroidManifest.xml:15:19-39
	android:name
		ADDED from src/main/AndroidManifest.xml:15:40-84
activity#com.metrodata.datamap.wxapi.WXEntryActivity
ADDED from src/main/AndroidManifest.xml:16:9-22:20
	android:label
		ADDED from src/main/AndroidManifest.xml:16:43-80
	android:exported
		ADDED from src/main/AndroidManifest.xml:16:19-42
	android:name
		ADDED from src/main/AndroidManifest.xml:16:81-118
intent-filter#android.intent.action.VIEW+android.intent.category.DEFAULT
ADDED from src/main/AndroidManifest.xml:17:13-21:29
action#android.intent.action.VIEW
ADDED from src/main/AndroidManifest.xml:18:17-69
	android:name
		ADDED from src/main/AndroidManifest.xml:18:25-66
category#android.intent.category.DEFAULT
ADDED from src/main/AndroidManifest.xml:19:17-76
	android:name
		ADDED from src/main/AndroidManifest.xml:19:27-73
data
ADDED from src/main/AndroidManifest.xml:20:17-61
	android:scheme
		ADDED from src/main/AndroidManifest.xml:20:23-58
activity#com.metrodata.datamap.wxapi.WXPayEntryActivity
ADDED from src/main/AndroidManifest.xml:23:9-29:20
	android:label
		ADDED from src/main/AndroidManifest.xml:23:43-80
	android:launchMode
		ADDED from src/main/AndroidManifest.xml:23:81-111
	android:exported
		ADDED from src/main/AndroidManifest.xml:23:19-42
	android:name
		ADDED from src/main/AndroidManifest.xml:23:112-152
uses-sdk
ADDED from src/main/AndroidManifest.xml:31:5-74
MERGED from [:CordovaLib] AndroidManifest.xml:25:5-44
MERGED from [:CordovaLib] AndroidManifest.xml:25:5-44
	android:targetSdkVersion
		ADDED from src/main/AndroidManifest.xml:31:42-71
	android:minSdkVersion
		ADDED from src/main/AndroidManifest.xml:31:15-41
uses-permission#android.permission.ACCESS_NETWORK_STATE
ADDED from src/main/AndroidManifest.xml:32:5-79
	android:name
		ADDED from src/main/AndroidManifest.xml:32:22-76
uses-permission#android.permission.ACCESS_WIFI_STATE
ADDED from src/main/AndroidManifest.xml:33:5-76
	android:name
		ADDED from src/main/AndroidManifest.xml:33:22-73
uses-permission#android.permission.WRITE_EXTERNAL_STORAGE
ADDED from src/main/AndroidManifest.xml:34:5-81
	android:name
		ADDED from src/main/AndroidManifest.xml:34:22-78
uses-permission#android.permission.ACCESS_COARSE_LOCATION
ADDED from src/main/AndroidManifest.xml:35:5-81
	android:name
		ADDED from src/main/AndroidManifest.xml:35:22-78
uses-permission#android.permission.ACCESS_FINE_LOCATION
ADDED from src/main/AndroidManifest.xml:36:5-79
	android:name
		ADDED from src/main/AndroidManifest.xml:36:22-76
uses-permission#android.permission.CHANGE_WIFI_STATE
ADDED from src/main/AndroidManifest.xml:37:5-76
	android:name
		ADDED from src/main/AndroidManifest.xml:37:22-73
uses-permission#android.permission.READ_PHONE_STATE
ADDED from src/main/AndroidManifest.xml:38:5-75
	android:name
		ADDED from src/main/AndroidManifest.xml:38:22-72
uses-permission#android.permission.MANAGE_DOCUMENTS
ADDED from src/main/AndroidManifest.xml:39:5-75
	android:name
		ADDED from src/main/AndroidManifest.xml:39:22-72
uses-permission#android.permission.ACCESS_LOCATION_EXTRA_COMMANDS
ADDED from src/main/AndroidManifest.xml:40:5-89
	android:name
		ADDED from src/main/AndroidManifest.xml:40:22-86
uses-feature#android.hardware.location
ADDED from src/main/AndroidManifest.xml:41:5-62
	android:name
		ADDED from src/main/AndroidManifest.xml:41:19-59
uses-feature#android.hardware.location.gps
ADDED from src/main/AndroidManifest.xml:42:5-66
	android:name
		ADDED from src/main/AndroidManifest.xml:42:19-63